{"name": "test_transit_to_logo_yandex", "status": "failed", "statusDetails": {"message": "AssertionError: assert 'https://qa-s...-services.ru/' == 'https://dzen.ru/'\n  - https://dzen.ru/\n  + https://qa-scooter.praktikum-services.ru/", "trace": "self = <tests.test_main_page.TestMainPage object at 0x10300cc10>\ndriver = <selenium.webdriver.chrome.webdriver.WebDriver (session=\"b60847009d5e690c5ebd07c5cedeb69d\")>\n\n    def test_transit_to_logo_yandex(self, driver):\n        MainPage(driver).transit_to_logo_yandex()\n>       assert driver.current_url == MainPage(\n            driver).check_transit_to_logo_yandex()\nE       AssertionError: assert 'https://qa-s...-services.ru/' == 'https://dzen.ru/'\nE         - https://dzen.ru/\nE         + https://qa-scooter.praktikum-services.ru/\n\ntests/test_main_page.py:25: AssertionError"}, "start": 1699970654432, "stop": 1699970654469, "uuid": "5bcb955f-16d2-4e5c-ae15-9f0e9bf709e6", "historyId": "912b913b5b4437afc118639d32e745ba", "testCaseId": "912b913b5b4437afc118639d32e745ba", "fullName": "tests.test_main_page.TestMainPage#test_transit_to_logo_yandex", "labels": [{"name": "parentSuite", "value": "tests"}, {"name": "suite", "value": "test_main_page"}, {"name": "subSuite", "value": "TestMainPage"}, {"name": "host", "value": "MacBook-Air-Aleksej.local"}, {"name": "thread", "value": "20801-MainThread"}, {"name": "framework", "value": "pytest"}, {"name": "language", "value": "cpython3"}, {"name": "package", "value": "tests.test_main_page"}]}